[debug] [2026-03-25T06:40:57.058Z] ----------------------------------------------------------------------
[debug] [2026-03-25T06:40:57.061Z] Command:       C:\Program Files\nodejs\node.exe C:\Users\karan\AppData\Roaming\npm\node_modules\firebase-tools\lib\bin\firebase.js projects:create k-k-molding --display-name K K MOULDING
[debug] [2026-03-25T06:40:57.062Z] CLI Version:   15.9.1
[debug] [2026-03-25T06:40:57.062Z] Platform:      win32
[debug] [2026-03-25T06:40:57.062Z] Node Version:  v24.14.0
[debug] [2026-03-25T06:40:57.063Z] Time:          Wed Mar 25 2026 12:10:57 GMT+0530 (India Standard Time)
[debug] [2026-03-25T06:40:57.063Z] ----------------------------------------------------------------------
[debug] 
[debug] [2026-03-25T06:40:57.276Z] > command requires scopes: ["email","openid","https://www.googleapis.com/auth/cloudplatformprojects.readonly","https://www.googleapis.com/auth/firebase","https://www.googleapis.com/auth/cloud-platform"]
[debug] [2026-03-25T06:40:57.276Z] > authorizing via signed-in user (karanak1513@gmail.com)
[debug] [2026-03-25T06:40:57.282Z] Checked if tokens are valid: true, expires at: 1774423618714
[debug] [2026-03-25T06:40:57.282Z] Checked if tokens are valid: true, expires at: 1774423618714
[debug] [2026-03-25T06:40:57.283Z] >>> [apiv2][query] POST https://cloudresourcemanager.googleapis.com/v1/projects [none]
[debug] [2026-03-25T06:40:57.284Z] >>> [apiv2][body] POST https://cloudresourcemanager.googleapis.com/v1/projects {"projectId":"k-k-molding","name":"K K MOULDING"}
[debug] [2026-03-25T06:40:59.055Z] <<< [apiv2][status] POST https://cloudresourcemanager.googleapis.com/v1/projects 409
[debug] [2026-03-25T06:40:59.056Z] <<< [apiv2][body] POST https://cloudresourcemanager.googleapis.com/v1/projects {"error":{"code":409,"message":"Requested entity already exists","status":"ALREADY_EXISTS"}}
[debug] [2026-03-25T06:40:59.345Z] FirebaseError: Request to https://cloudresourcemanager.googleapis.com/v1/projects had HTTP Error: 409, Requested entity already exists
    at responseToError (C:\Users\karan\AppData\Roaming\npm\node_modules\firebase-tools\lib\responseToError.js:53:12)
    at RetryOperation._fn (C:\Users\karan\AppData\Roaming\npm\node_modules\firebase-tools\lib\apiv2.js:333:77)
    at process.processTicksAndRejections (node:internal/process/task_queues:104:5)
[error] 
[error] Error: Failed to create project because there is already a project with ID k-k-molding. Please try again with a unique project ID.
